*** Using Compiler 'V6.22', folder: 'C:\Users\Simon\AppData\Local\Keil_v5\ARM\ARMCLANG\Bin'
Rebuild target 'APUS'
compiling stm32f0xx_dma.c...
compiling stm32f0xx_i2c.c...
assembling startup_stm32f072.s...
compiling Uart_Vcom.c...
compiling system_stm32f0xx.c...
compiling stm32f0xx_adc.c...
compiling alarm.c...
compiling Uart_DMA.c...
compiling stm32f0xx_syscfg.c...
compiling sysdelay.c...
compiling ADC_Temp_prj.c...
compiling LedTimer.c...
compiling stm32f0xx_exti.c...
compiling 3bit_cnt.c...
compiling board_button.c...
compiling Interrupt_Proj.c...
compiling stm32f0xx_gpio.c...
compiling i2c_temp.c...
compiling main.c...
compiling stm32f0xx_tim.c...
compiling stm32f0xx_rcc.c...
compiling board_led.c...
compiling rgb_timer.c...
compiling board_uart.c...
compiling board_adc.c...
compiling i2c.c...
compiling board_uart_dma.c...
compiling board_MCP_temp.c...
compiling Image.c...
compiling MonochromeImage.c...
compiling Lcd.c...
compiling Consolas.c...
compiling tsc.c...
compiling Gpio.c...
linking...
Program Size: Code=12088 RO-data=2960 RW-data=4 ZI-data=1036  
".\Objects\LED.axf" - 0 Error(s), 0 Warning(s).
Build Time Elapsed:  00:00:01
